-------------------------------------------------------------------------------
Test set: com.mthree.vendingmachine.dao.VendingMachineAuditDaoImplTest
-------------------------------------------------------------------------------
Tests run: 1, Failures: 1, Errors: 0, Skipped: 0, Time elapsed: 0.104 sec <<< FAILURE! - in com.mthree.vendingmachine.dao.VendingMachineAuditDaoImplTest
testSomeMethod  Time elapsed: 0.058 sec  <<< FAILURE!
org.opentest4j.AssertionFailedError: The test case is a prototype.
	at com.mthree.vendingmachine.dao.VendingMachineAuditDaoImplTest.testSomeMethod(VendingMachineAuditDaoImplTest.java:42)

